GROUP,PACKAGE,CLASS,INSTRUCTION_MISSED,INSTRUCTION_COVERED,BRANCH_MISSED,BRANCH_COVERED,LINE_MISSED,LINE_COVERED,COMPLEXITY_MISSED,COMPLEXITY_COVERED,METHOD_MISSED,METHOD_COVERED
Dependency-Check Command Line/dependency-check-core,org.owasp.dependencycheck.data.central,CentralSearch,324,93,34,4,66,23,20,3,1,3
Dependency-Check Command Line/dependency-check-core,org.owasp.dependencycheck.data.cache,DataCache,11,6,0,0,3,3,2,1,2,1
Dependency-Check Command Line/dependency-check-core,org.owasp.dependencycheck.data.cache,DataCacheFactory,58,141,4,6,13,34,4,6,1,4
Dependency-Check Command Line/dependency-check-core,org.owasp.dependencycheck.data.cache,DataCacheFactory.CacheType,0,34,0,0,0,4,0,1,0,1
Dependency-Check Command Line/dependency-check-core,org.owasp.dependencycheck.dependency,VulnerableSoftware,181,488,30,66,33,102,27,36,2,13
Dependency-Check Command Line/dependency-check-core,org.owasp.dependencycheck.dependency,Vulnerability.Source,0,54,0,0,0,6,0,1,0,1
Dependency-Check Command Line/dependency-check-core,org.owasp.dependencycheck.dependency,CweSet,4,30,0,0,1,6,1,5,1,5
Dependency-Check Command Line/dependency-check-core,org.owasp.dependencycheck.dependency,Vulnerability,89,205,9,5,23,66,11,29,4,29
Dependency-Check Command Line/dependency-check-core,org.owasp.dependencycheck.dependency,EvidenceCollection.new Filter() {...},0,11,0,2,0,2,0,3,0,2
Dependency-Check Command Line/dependency-check-core,org.owasp.dependencycheck.dependency,EvidenceCollection.new Filter() {...},0,11,0,2,0,2,0,3,0,2
Dependency-Check Command Line/dependency-check-core,org.owasp.dependencycheck.dependency,EvidenceCollection.new Filter() {...},0,11,0,2,0,2,0,3,0,2
Dependency-Check Command Line/dependency-check-core,org.owasp.dependencycheck.dependency,EvidenceCollection.new Filter() {...},0,11,0,2,0,2,0,3,0,2
Dependency-Check Command Line/dependency-check-core,org.owasp.dependencycheck.dependency,Confidence,0,44,0,0,0,5,0,1,0,1
Dependency-Check Command Line/dependency-check-core,org.owasp.dependencycheck.dependency,VulnerableSoftwareBuilder,45,253,0,0,9,57,9,32,9,32
Dependency-Check Command Line/dependency-check-core,org.owasp.dependencycheck.dependency,Evidence,96,137,21,9,18,26,21,8,6,8
Dependency-Check Command Line/dependency-check-core,org.owasp.dependencycheck.dependency,EvidenceCollection,177,288,36,22,45,69,30,23,3,14
Dependency-Check Command Line/dependency-check-core,org.owasp.dependencycheck.dependency,EvidenceType,0,34,0,0,0,4,0,1,0,1
Dependency-Check Command Line/dependency-check-core,org.owasp.dependencycheck.dependency,CvssV3,16,156,8,8,0,31,8,12,0,12
Dependency-Check Command Line/dependency-check-core,org.owasp.dependencycheck.dependency,CvssV2,12,122,6,6,0,25,6,10,0,10
Dependency-Check Command Line/dependency-check-core,org.owasp.dependencycheck.dependency,Dependency,340,653,52,36,66,192,46,67,11,58
Dependency-Check Command Line/dependency-check-core,org.owasp.dependencycheck.dependency,Reference,57,60,6,0,11,20,5,9,2,9
Dependency-Check Command Line/dependency-check-core,org.owasp.dependencycheck.data.composer,ComposerException,12,0,0,0,6,0,3,0,3,0
Dependency-Check Command Line/dependency-check-core,org.owasp.dependencycheck.data.composer,ComposerDependency,52,21,6,0,15,8,5,4,2,4
Dependency-Check Command Line/dependency-check-core,org.owasp.dependencycheck.data.composer,ComposerLockParser,36,134,5,9,10,28,5,6,0,4
Dependency-Check Command Line/dependency-check-core,org.owasp.dependencycheck.xml.pom,PomParseException,16,0,0,0,8,0,4,0,4,0
Dependency-Check Command Line/dependency-check-core,org.owasp.dependencycheck.xml.pom,Model,12,187,1,5,2,55,1,29,0,27
Dependency-Check Command Line/dependency-check-core,org.owasp.dependencycheck.xml.pom,PomHandler,0,214,6,33,0,52,6,24,0,5
Dependency-Check Command Line/dependency-check-core,org.owasp.dependencycheck.xml.pom,License,69,17,6,0,18,8,7,5,4,5
Dependency-Check Command Line/dependency-check-core,org.owasp.dependencycheck.xml.pom,PomUtils,170,16,7,1,44,5,6,2,2,2
Dependency-Check Command Line/dependency-check-core,org.owasp.dependencycheck.xml.pom,PomProjectInputStream,2,154,2,14,2,31,2,11,0,5
Dependency-Check Command Line/dependency-check-core,org.owasp.dependencycheck.xml.pom,Model.PropertyLookup,11,0,0,0,4,0,2,0,2,0
Dependency-Check Command Line/dependency-check-core,org.owasp.dependencycheck.xml.pom,PomParser,41,71,1,1,9,16,1,4,0,4
Dependency-Check Command Line/dependency-check-core,org.owasp.dependencycheck.data.nodeaudit,NpmAuditParser,198,0,14,0,42,0,11,0,4,0
Dependency-Check Command Line/dependency-check-core,org.owasp.dependencycheck.data.nodeaudit,Advisory,122,0,0,0,52,0,35,0,35,0
Dependency-Check Command Line/dependency-check-core,org.owasp.dependencycheck.data.nodeaudit,NodeAuditSearch,344,0,22,0,81,0,17,0,5,0
Dependency-Check Command Line/dependency-check-core,org.owasp.dependencycheck.data.nodeaudit,SanitizePackage,139,0,14,0,29,0,8,0,1,0
Dependency-Check Command Line/dependency-check-core,org.owasp.dependencycheck.exception,NoDataException,16,0,0,0,8,0,4,0,4,0
Dependency-Check Command Line/dependency-check-core,org.owasp.dependencycheck.exception,DependencyNotFoundException,16,0,0,0,8,0,4,0,4,0
Dependency-Check Command Line/dependency-check-core,org.owasp.dependencycheck.exception,ExceptionCollection,153,34,4,0,49,8,14,4,12,4
Dependency-Check Command Line/dependency-check-core,org.owasp.dependencycheck.exception,H2DBLockException,16,0,0,0,8,0,4,0,4,0
Dependency-Check Command Line/dependency-check-core,org.owasp.dependencycheck.exception,InitializationException,35,11,0,0,11,4,5,2,5,2
Dependency-Check Command Line/dependency-check-core,org.owasp.dependencycheck.exception,ParseException,16,0,0,0,8,0,4,0,4,0
Dependency-Check Command Line/dependency-check-core,org.owasp.dependencycheck.exception,ScanAgentException,16,0,0,0,8,0,4,0,4,0
Dependency-Check Command Line/dependency-check-core,org.owasp.dependencycheck.exception,ReportException,16,0,0,0,8,0,4,0,4,0
Dependency-Check Command Line/dependency-check-core,org.owasp.dependencycheck.reporting,ReportGenerator.Format,0,64,0,0,0,7,0,1,0,1
Dependency-Check Command Line/dependency-check-core,org.owasp.dependencycheck.reporting,ReportGenerator,420,401,47,38,107,89,38,23,3,11
Dependency-Check Command Line/dependency-check-core,org.owasp.dependencycheck.reporting,EscapeTool,25,158,13,33,10,43,13,20,0,10
Dependency-Check Command Line/dependency-check-core,org.owasp.dependencycheck.reporting,ReportTool,14,48,3,3,6,11,2,4,0,3
Dependency-Check Command Line/dependency-check-core,org.owasp.dependencycheck.data.cwe,CweHandler,41,0,4,0,8,0,5,0,3,0
Dependency-Check Command Line/dependency-check-core,org.owasp.dependencycheck.data.cwe,App,173,0,8,0,34,0,7,0,3,0
Dependency-Check Command Line/dependency-check-core,org.owasp.dependencycheck.data.cwe,CweDB,39,33,3,1,13,8,3,3,1,3
Dependency-Check Command Line/dependency-check-core,org.owasp.dependencycheck.data.ossindex,ODCConnectionTransport,44,0,2,0,11,0,3,0,2,0
Dependency-Check Command Line/dependency-check-core,org.owasp.dependencycheck.data.ossindex,OssindexClientFactory,124,0,12,0,30,0,8,0,2,0
Dependency-Check Command Line/dependency-check-core,org.owasp.dependencycheck.data.update,UpdateService,0,12,0,0,0,4,0,2,0,2
Dependency-Check Command Line/dependency-check-core,org.owasp.dependencycheck.data.update,EngineVersionCheck,63,215,14,16,24,52,18,6,4,5
Dependency-Check Command Line/dependency-check-core,org.owasp.dependencycheck.data.update,RetireJSDataSource,93,156,9,11,24,35,9,8,2,5
Dependency-Check Command Line/dependency-check-core,org.owasp.dependencycheck.data.update,NvdCveUpdater,416,513,49,47,91,125,35,27,1,13
Dependency-Check Command Line/dependency-check-core,org.owasp.dependencycheck.data.lucene,UrlTokenizingFilter,15,72,1,9,4,17,1,7,0,3
Dependency-Check Command Line/dependency-check-core,org.owasp.dependencycheck.data.lucene,LuceneUtils,21,40,4,8,7,10,4,5,1,2
Dependency-Check Command Line/dependency-check-core,org.owasp.dependencycheck.data.lucene,TokenPairConcatenatingFilter,61,97,7,9,18,27,6,7,2,3
Dependency-Check Command Line/dependency-check-core,org.owasp.dependencycheck.data.lucene,AlphaNumericTokenizer,17,0,4,0,5,0,5,0,3,0
Dependency-Check Command Line/dependency-check-core,org.owasp.dependencycheck.data.lucene,AlphaNumericFilter,53,112,7,13,16,27,6,10,2,4
Dependency-Check Command Line/dependency-check-core,org.owasp.dependencycheck.data.lucene,DependencySimilarity,5,0,0,0,2,0,2,0,2,0
Dependency-Check Command Line/dependency-check-core,org.owasp.dependencycheck.data.lucene,AbstractTokenizingFilter,0,51,0,4,0,15,0,7,0,5
Dependency-Check Command Line/dependency-check-core,org.owasp.dependencycheck.data.lucene,SearchFieldAnalyzer,0,116,0,0,0,18,0,5,0,5
Dependency-Check Command Line/dependency-check-core,org.owasp.dependencycheck.data.nvdcve,CveDB,705,2362,57,201,180,550,52,127,3,47
Dependency-Check Command Line/dependency-check-core,org.owasp.dependencycheck.data.nvdcve,DatabaseException,13,0,0,0,6,0,3,0,3,0
Dependency-Check Command Line/dependency-check-core,org.owasp.dependencycheck.data.nvdcve,DriverShim,96,22,8,0,26,5,13,3,9,3
Dependency-Check Command Line/dependency-check-core,org.owasp.dependencycheck.data.nvdcve,CveDB.PreparedStatementCveDb,0,264,0,0,0,27,0,1,0,1
Dependency-Check Command Line/dependency-check-core,org.owasp.dependencycheck.data.nvdcve,DriverLoader,166,38,10,0,32,11,6,4,1,4
Dependency-Check Command Line/dependency-check-core,org.owasp.dependencycheck.data.nvdcve,DatabaseProperties,23,129,4,14,5,28,4,14,0,9
Dependency-Check Command Line/dependency-check-core,org.owasp.dependencycheck.data.nvdcve,ConnectionFactory,366,287,29,15,84,88,22,13,2,11
Dependency-Check Command Line/dependency-check-core,org.owasp.dependencycheck.data.nvdcve,DriverLoader.new PrivilegedAction() {...},21,0,0,0,2,0,2,0,2,0
Dependency-Check Command Line/dependency-check-core,org.owasp.dependencycheck.data.nvdcve,CorruptDatabaseException,9,0,0,0,4,0,2,0,2,0
Dependency-Check Command Line/dependency-check-core,org.owasp.dependencycheck.data.nvdcve,DriverLoadException,13,0,0,0,6,0,3,0,3,0
Dependency-Check Command Line/dependency-check-core,org.owasp.dependencycheck.data.update.exception,InvalidDataException,9,0,0,0,4,0,2,0,2,0
Dependency-Check Command Line/dependency-check-core,org.owasp.dependencycheck.data.update.exception,UpdateException,16,0,0,0,8,0,4,0,4,0
Dependency-Check Command Line/dependency-check-core,org.owasp.dependencycheck.data.nvd.json,CvssV20.RemediationLevelType,20,93,2,2,6,13,4,3,3,2
Dependency-Check Command Line/dependency-check-core,org.owasp.dependencycheck.data.nvd.json,CpeMatchStreamCollector,6,23,0,0,2,6,1,8,1,8
Dependency-Check Command Line/dependency-check-core,org.owasp.dependencycheck.data.nvd.json,CvssV20.AuthenticationType,17,74,2,2,5,12,3,4,2,3
Dependency-Check Command Line/dependency-check-core,org.owasp.dependencycheck.data.nvd.json,NvdCveFeedJson10,405,0,66,0,64,0,49,0,16,0
Dependency-Check Command Line/dependency-check-core,org.owasp.dependencycheck.data.nvd.json,CvssV30.ExploitCodeMaturityType,20,93,2,2,6,13,4,3,3,2
Dependency-Check Command Line/dependency-check-core,org.owasp.dependencycheck.data.nvd.json,DefConfigurations,170,11,26,0,29,3,19,2,6,2
Dependency-Check Command Line/dependency-check-core,org.owasp.dependencycheck.data.nvd.json,MetaProperties,88,60,1,1,19,18,5,2,4,2
Dependency-Check Command Line/dependency-check-core,org.owasp.dependencycheck.data.nvd.json,CvssV30.ConfidenceType,20,82,2,2,6,12,4,3,3,2
Dependency-Check Command Line/dependency-check-core,org.owasp.dependencycheck.data.nvd.json,CvssV30.CiaRequirementType,20,82,2,2,6,12,4,3,3,2
Dependency-Check Command Line/dependency-check-core,org.owasp.dependencycheck.data.nvd.json,Product__1,173,3,26,0,30,1,20,1,7,1
Dependency-Check Command Line/dependency-check-core,org.owasp.dependencycheck.data.nvd.json,DefCveItem,332,12,56,0,51,4,38,4,10,4
Dependency-Check Command Line/dependency-check-core,org.owasp.dependencycheck.data.nvd.json,ProblemtypeDatum,114,11,16,0,21,3,12,2,4,2
Dependency-Check Command Line/dependency-check-core,org.owasp.dependencycheck.data.nvd.json,BaseMetricV2,559,9,96,0,84,3,67,3,19,3
Dependency-Check Command Line/dependency-check-core,org.owasp.dependencycheck.data.nvd.json,BaseMetricV3,226,6,36,0,37,2,26,2,8,2
Dependency-Check Command Line/dependency-check-core,org.owasp.dependencycheck.data.nvd.json,CVEJSON40Min.DataVersion,20,49,2,2,6,9,4,3,3,2
Dependency-Check Command Line/dependency-check-core,org.owasp.dependencycheck.data.nvd.json,CvssV30.ModifiedUserInteractionType,20,71,2,2,6,11,4,3,3,2
Dependency-Check Command Line/dependency-check-core,org.owasp.dependencycheck.data.nvd.json,CvssV30.PrivilegesRequiredType,17,74,2,2,5,12,3,4,2,3
Dependency-Check Command Line/dependency-check-core,org.owasp.dependencycheck.data.nvd.json,CvssV30.ModifiedCiaType,20,82,2,2,6,12,4,3,3,2
Dependency-Check Command Line/dependency-check-core,org.owasp.dependencycheck.data.nvd.json,NodeFlatteningCollector,6,57,0,0,2,14,1,11,1,11
Dependency-Check Command Line/dependency-check-core,org.owasp.dependencycheck.data.nvd.json,Version,117,8,16,0,22,2,13,1,5,1
Dependency-Check Command Line/dependency-check-core,org.owasp.dependencycheck.data.nvd.json,CvssV30.ModifiedAttackComplexityType,20,71,2,2,6,11,4,3,3,2
Dependency-Check Command Line/dependency-check-core,org.owasp.dependencycheck.data.nvd.json,CVEDataMeta,226,6,36,0,37,2,26,2,8,2
Dependency-Check Command Line/dependency-check-core,org.owasp.dependencycheck.data.nvd.json,VersionDatum,173,3,26,0,30,1,20,1,7,1
Dependency-Check Command Line/dependency-check-core,org.owasp.dependencycheck.data.nvd.json,DefNode,279,19,46,0,44,5,32,3,9,3
Dependency-Check Command Line/dependency-check-core,org.owasp.dependencycheck.data.nvd.json,Vendor,117,8,16,0,22,2,13,1,5,1
Dependency-Check Command Line/dependency-check-core,org.owasp.dependencycheck.data.nvd.json,CvssV20.ExploitabilityType,20,93,2,2,6,13,4,3,3,2
Dependency-Check Command Line/dependency-check-core,org.owasp.dependencycheck.data.nvd.json,DefCpeMatch,491,26,86,0,72,8,56,7,13,7
Dependency-Check Command Line/dependency-check-core,org.owasp.dependencycheck.data.nvd.json,Description,114,11,16,0,21,3,12,2,4,2
Dependency-Check Command Line/dependency-check-core,org.owasp.dependencycheck.data.nvd.json,CvssV30.ModifiedScopeType,20,71,2,2,6,11,4,3,3,2
Dependency-Check Command Line/dependency-check-core,org.owasp.dependencycheck.data.nvd.json,CvssV30.SeverityType,17,96,2,2,5,14,3,4,2,3
Dependency-Check Command Line/dependency-check-core,org.owasp.dependencycheck.data.nvd.json,CvssV30.RemediationLevelType,20,93,2,2,6,13,4,3,3,2
Dependency-Check Command Line/dependency-check-core,org.owasp.dependencycheck.data.nvd.json,LangString,167,9,26,0,28,3,18,3,5,3
Dependency-Check Command Line/dependency-check-core,org.owasp.dependencycheck.data.nvd.json,Affects,117,3,16,0,22,1,13,1,5,1
Dependency-Check Command Line/dependency-check-core,org.owasp.dependencycheck.data.nvd.json,CVEJSON40Min,497,15,86,0,74,5,58,5,15,5
Dependency-Check Command Line/dependency-check-core,org.owasp.dependencycheck.data.nvd.json,CvssV30.AttackComplexityType,17,63,2,2,5,11,3,4,2,3
Dependency-Check Command Line/dependency-check-core,org.owasp.dependencycheck.data.nvd.json,CvssV20.CiaType,17,74,2,2,5,12,3,4,2,3
Dependency-Check Command Line/dependency-check-core,org.owasp.dependencycheck.data.nvd.json,CvssV20.CiaRequirementType,20,82,2,2,6,12,4,3,3,2
Dependency-Check Command Line/dependency-check-core,org.owasp.dependencycheck.data.nvd.json,Reference,276,17,46,0,43,5,31,4,8,4
Dependency-Check Command Line/dependency-check-core,org.owasp.dependencycheck.data.nvd.json,CvssV30.UserInteractionType,17,63,2,2,5,11,3,4,2,3
Dependency-Check Command Line/dependency-check-core,org.owasp.dependencycheck.data.nvd.json,CvssV20.CollateralDamagePotentialType,20,104,2,2,6,14,4,3,3,2
Dependency-Check Command Line/dependency-check-core,org.owasp.dependencycheck.data.nvd.json,CvssV30.Version,20,49,2,2,6,9,4,3,3,2
Dependency-Check Command Line/dependency-check-core,org.owasp.dependencycheck.data.nvd.json,Problemtype,114,11,16,0,21,3,12,2,4,2
Dependency-Check Command Line/dependency-check-core,org.owasp.dependencycheck.data.nvd.json,CvssV30.AttackVectorType,17,85,2,2,5,13,3,4,2,3
Dependency-Check Command Line/dependency-check-core,org.owasp.dependencycheck.data.nvd.json,CvssV20.AccessVectorType,17,74,2,2,5,12,3,4,2,3
Dependency-Check Command Line/dependency-check-core,org.owasp.dependencycheck.data.nvd.json,CvssV30,1711,33,306,0,244,11,206,11,53,11
Dependency-Check Command Line/dependency-check-core,org.owasp.dependencycheck.data.nvd.json,CVEJSON40Min.DataFormat,20,49,2,2,6,9,4,3,3,2
Dependency-Check Command Line/dependency-check-core,org.owasp.dependencycheck.data.nvd.json,Product,117,8,16,0,22,2,13,1,5,1
Dependency-Check Command Line/dependency-check-core,org.owasp.dependencycheck.data.nvd.json,CvssV30.ScopeType,17,63,2,2,5,11,3,4,2,3
Dependency-Check Command Line/dependency-check-core,org.owasp.dependencycheck.data.nvd.json,CvssV30.ModifiedPrivilegesRequiredType,20,82,2,2,6,12,4,3,3,2
Dependency-Check Command Line/dependency-check-core,org.owasp.dependencycheck.data.nvd.json,CvssV20,1104,24,196,0,159,8,132,8,34,8
Dependency-Check Command Line/dependency-check-core,org.owasp.dependencycheck.data.nvd.json,CVEJSON40Min.DataType,20,49,2,2,6,9,4,3,3,2
Dependency-Check Command Line/dependency-check-core,org.owasp.dependencycheck.data.nvd.json,References,114,11,16,0,21,3,12,2,4,2
Dependency-Check Command Line/dependency-check-core,org.owasp.dependencycheck.data.nvd.json,CvssV30.ModifiedAttackVectorType,20,93,2,2,6,13,4,3,3,2
Dependency-Check Command Line/dependency-check-core,org.owasp.dependencycheck.data.nvd.json,CvssV20.AccessComplexityType,17,74,2,2,5,12,3,4,2,3
Dependency-Check Command Line/dependency-check-core,org.owasp.dependencycheck.data.nvd.json,CvssV20.Version,20,49,2,2,6,9,4,3,3,2
Dependency-Check Command Line/dependency-check-core,org.owasp.dependencycheck.data.nvd.json,VendorDatum,173,3,26,0,30,1,20,1,7,1
Dependency-Check Command Line/dependency-check-core,org.owasp.dependencycheck.data.nvd.json,DefImpact,167,9,26,0,28,3,18,3,5,3
Dependency-Check Command Line/dependency-check-core,org.owasp.dependencycheck.data.nvd.json,CvssV20.ReportConfidenceType,20,82,2,2,6,12,4,3,3,2
Dependency-Check Command Line/dependency-check-core,org.owasp.dependencycheck.data.nvd.json,CvssV30.CiaType,17,74,2,2,5,12,3,4,2,3
Dependency-Check Command Line/dependency-check-core,org.owasp.dependencycheck.data.nvd.json,CvssV20.TargetDistributionType,20,93,2,2,6,13,4,3,3,2
Dependency-Check Command Line/dependency-check-core,org.owasp.dependencycheck.data.nvd.json,DefCpeName,176,0,26,0,31,0,21,0,8,0
Dependency-Check Command Line/dependency-check-core,org.owasp.dependencycheck.xml.assembly,GrokErrorHandler,24,0,0,0,6,0,5,0,5,0
Dependency-Check Command Line/dependency-check-core,org.owasp.dependencycheck.xml.assembly,GrokParseException,16,0,0,0,8,0,4,0,4,0
Dependency-Check Command Line/dependency-check-core,org.owasp.dependencycheck.xml.assembly,GrokHandler,128,0,16,0,36,0,19,0,5,0
Dependency-Check Command Line/dependency-check-core,org.owasp.dependencycheck.xml.assembly,GrokParser,120,0,2,0,28,0,5,0,4,0
Dependency-Check Command Line/dependency-check-core,org.owasp.dependencycheck.xml.assembly,AssemblyData,115,0,0,0,47,0,31,0,31,0
Dependency-Check Command Line/dependency-check-core,org.owasp.dependencycheck,Engine.Mode,0,108,0,0,0,12,0,4,0,4
Dependency-Check Command Line/dependency-check-core,org.owasp.dependencycheck,Engine,447,988,53,89,115,251,60,77,19,47
Dependency-Check Command Line/dependency-check-core,org.owasp.dependencycheck,AnalysisTask,52,57,0,4,9,16,0,6,0,4
Dependency-Check Command Line/dependency-check-core,org.owasp.dependencycheck.analyzer,FalsePositiveAnalyzer,531,639,165,89,90,145,109,51,2,31
Dependency-Check Command Line/dependency-check-core,org.owasp.dependencycheck.analyzer,GolangDepAnalyzer,72,338,8,22,13,75,6,18,0,9
Dependency-Check Command Line/dependency-check-core,org.owasp.dependencycheck.analyzer,RubyGemspecAnalyzer,144,305,28,18,33,62,20,14,1,10
Dependency-Check Command Line/dependency-check-core,org.owasp.dependencycheck.analyzer,FileNameAnalyzer,0,153,1,9,0,20,1,10,0,6
Dependency-Check Command Line/dependency-check-core,org.owasp.dependencycheck.analyzer,VersionFilterAnalyzer,32,280,24,56,1,49,19,31,0,10
Dependency-Check Command Line/dependency-check-core,org.owasp.dependencycheck.analyzer,OpenSSLAnalyzer,46,199,8,6,7,37,7,10,0,10
Dependency-Check Command Line/dependency-check-core,org.owasp.dependencycheck.analyzer,ComposerLockAnalyzer,44,191,0,0,8,38,0,10,0,10
Dependency-Check Command Line/dependency-check-core,org.owasp.dependencycheck.analyzer,AbstractFileTypeAnalyzer,6,62,1,7,1,21,1,10,0,7
Dependency-Check Command Line/dependency-check-core,org.owasp.dependencycheck.analyzer,SwiftPackageManagerAnalyzer,85,166,14,10,12,45,12,10,0,10
Dependency-Check Command Line/dependency-check-core,org.owasp.dependencycheck.analyzer,CPEAnalyzer.IdentifierMatch,74,39,6,0,20,11,9,5,6,5
Dependency-Check Command Line/dependency-check-core,org.owasp.dependencycheck.analyzer,AutoconfAnalyzer,11,281,6,28,3,59,5,23,0,11
Dependency-Check Command Line/dependency-check-core,org.owasp.dependencycheck.analyzer,NvdCveAnalyzer,39,52,0,0,10,19,3,8,3,8
Dependency-Check Command Line/dependency-check-core,org.owasp.dependencycheck.analyzer,GolangModAnalyzer,231,172,17,7,46,50,13,11,0,11
Dependency-Check Command Line/dependency-check-core,org.owasp.dependencycheck.analyzer,PythonDistributionAnalyzer,125,429,27,29,27,101,24,19,0,15
Dependency-Check Command Line/dependency-check-core,org.owasp.dependencycheck.analyzer,MSBuildProjectAnalyzer,38,241,2,8,9,45,2,11,0,8
Dependency-Check Command Line/dependency-check-core,org.owasp.dependencycheck.analyzer,DependencyMergingAnalyzer,69,315,32,62,18,71,28,36,1,16
Dependency-Check Command Line/dependency-check-core,org.owasp.dependencycheck.analyzer,RubyBundleAuditAnalyzer,794,128,85,5,188,33,52,8,7,8
Dependency-Check Command Line/dependency-check-core,org.owasp.dependencycheck.analyzer,AbstractDependencyComparingAnalyzer,3,74,0,12,1,18,1,10,1,4
Dependency-Check Command Line/dependency-check-core,org.owasp.dependencycheck.analyzer,RubyBundlerAnalyzer,51,90,17,13,10,20,13,6,0,4
Dependency-Check Command Line/dependency-check-core,org.owasp.dependencycheck.analyzer,VulnerabilitySuppressionAnalyzer,0,12,0,0,0,5,0,5,0,5
Dependency-Check Command Line/dependency-check-core,org.owasp.dependencycheck.analyzer,RubyBundlerAnalyzer.new FilenameFilter() {...},0,14,0,0,0,2,0,2,0,2
Dependency-Check Command Line/dependency-check-core,org.owasp.dependencycheck.analyzer,AbstractAnalyzer,0,64,0,6,0,24,0,15,0,12
Dependency-Check Command Line/dependency-check-core,org.owasp.dependencycheck.analyzer,NexusAnalyzer,243,56,29,1,68,18,18,9,3,9
Dependency-Check Command Line/dependency-check-core,org.owasp.dependencycheck.analyzer,JarAnalyzer.ClassNameInformation,7,71,0,8,3,17,2,6,2,2
Dependency-Check Command Line/dependency-check-core,org.owasp.dependencycheck.analyzer,AbstractNpmAnalyzer,765,15,81,1,141,5,50,3,9,3
Dependency-Check Command Line/dependency-check-core,org.owasp.dependencycheck.analyzer,AssemblyAnalyzer,907,120,144,4,202,36,78,9,4,9
Dependency-Check Command Line/dependency-check-core,org.owasp.dependencycheck.analyzer,AbstractSuppressionAnalyzer,325,165,14,14,67,45,16,10,4,8
Dependency-Check Command Line/dependency-check-core,org.owasp.dependencycheck.analyzer,CentralAnalyzer,335,127,36,8,98,35,22,13,2,11
Dependency-Check Command Line/dependency-check-core,org.owasp.dependencycheck.analyzer,NodeAuditAnalyzer,269,29,18,0,68,8,11,6,2,6
Dependency-Check Command Line/dependency-check-core,org.owasp.dependencycheck.analyzer,AnalysisPhase,0,124,0,0,0,13,0,1,0,1
Dependency-Check Command Line/dependency-check-core,org.owasp.dependencycheck.analyzer,RubyGemspecAnalyzer.new FilenameFilter() {...},10,0,0,0,2,0,2,0,2,0
Dependency-Check Command Line/dependency-check-core,org.owasp.dependencycheck.analyzer,CMakeAnalyzer,7,318,3,15,2,78,3,15,0,9
Dependency-Check Command Line/dependency-check-core,org.owasp.dependencycheck.analyzer,RetireJsAnalyzer,221,397,14,34,42,87,14,24,2,10
Dependency-Check Command Line/dependency-check-core,org.owasp.dependencycheck.analyzer,CPEAnalyzer,502,1569,74,210,113,329,58,116,2,26
Dependency-Check Command Line/dependency-check-core,org.owasp.dependencycheck.analyzer,ArchiveAnalyzer,461,789,63,83,97,171,57,42,5,21
Dependency-Check Command Line/dependency-check-core,org.owasp.dependencycheck.analyzer,DependencyBundlingAnalyzer,451,508,153,95,105,106,113,33,7,15
Dependency-Check Command Line/dependency-check-core,org.owasp.dependencycheck.analyzer,AnalyzerService,10,75,2,10,3,20,4,7,2,3
Dependency-Check Command Line/dependency-check-core,org.owasp.dependencycheck.analyzer,CocoaPodsAnalyzer,51,412,13,23,13,97,12,18,0,12
Dependency-Check Command Line/dependency-check-core,org.owasp.dependencycheck.analyzer,PythonPackageAnalyzer,52,315,5,19,8,72,4,21,0,13
Dependency-Check Command Line/dependency-check-core,org.owasp.dependencycheck.analyzer,OssIndexAnalyzer,539,24,62,0,129,8,40,5,9,5
Dependency-Check Command Line/dependency-check-core,org.owasp.dependencycheck.analyzer,CPEAnalyzer.IdentifierConfidence,0,34,0,0,0,4,0,1,0,1
Dependency-Check Command Line/dependency-check-core,org.owasp.dependencycheck.analyzer,NugetconfAnalyzer,37,232,0,6,8,43,0,11,0,8
Dependency-Check Command Line/dependency-check-core,org.owasp.dependencycheck.analyzer,JarAnalyzer,475,2491,130,314,92,486,119,134,1,30
Dependency-Check Command Line/dependency-check-core,org.owasp.dependencycheck.analyzer,ArtifactoryAnalyzer,210,40,20,0,57,12,14,8,4,8
Dependency-Check Command Line/dependency-check-core,org.owasp.dependencycheck.analyzer,CpeSuppressionAnalyzer,4,8,0,0,2,3,2,3,2,3
Dependency-Check Command Line/dependency-check-core,org.owasp.dependencycheck.analyzer,NuspecAnalyzer,39,159,3,5,8,34,3,9,0,8
Dependency-Check Command Line/dependency-check-core,org.owasp.dependencycheck.analyzer,HintAnalyzer,340,343,29,39,71,75,21,29,5,11
Dependency-Check Command Line/dependency-check-core,org.owasp.dependencycheck.analyzer,NodePackageAnalyzer,505,31,56,0,111,9,32,6,4,6
Dependency-Check Command Line/dependency-check-core,org.owasp.dependencycheck.analyzer.exception,LambdaExceptionWrapper,4,0,0,0,2,0,1,0,1,0
Dependency-Check Command Line/dependency-check-core,org.owasp.dependencycheck.analyzer.exception,ArchiveExtractionException,12,4,0,0,6,2,3,1,3,1
Dependency-Check Command Line/dependency-check-core,org.owasp.dependencycheck.analyzer.exception,UnexpectedAnalysisException,13,0,0,0,6,0,3,0,3,0
Dependency-Check Command Line/dependency-check-core,org.owasp.dependencycheck.analyzer.exception,SearchException,16,0,0,0,8,0,4,0,4,0
Dependency-Check Command Line/dependency-check-core,org.owasp.dependencycheck.analyzer.exception,AnalysisException,11,5,0,0,6,2,3,1,3,1
Dependency-Check Command Line/dependency-check-core,org.owasp.dependencycheck.dependency.naming,PurlIdentifier,118,121,7,5,34,31,13,12,9,10
Dependency-Check Command Line/dependency-check-core,org.owasp.dependencycheck.dependency.naming,CpeIdentifier,66,117,4,4,20,34,8,11,4,11
Dependency-Check Command Line/dependency-check-core,org.owasp.dependencycheck.dependency.naming,GenericIdentifier,129,0,8,0,43,0,17,0,13,0
Dependency-Check Command Line/dependency-check-core,org.owasp.dependencycheck.xml,XmlInputStream,97,256,15,33,14,53,13,23,2,10
Dependency-Check Command Line/dependency-check-core,org.owasp.dependencycheck.xml,XmlEntity,4,1547,2,2,2,260,2,2,0,2
Dependency-Check Command Line/dependency-check-core,org.owasp.dependencycheck.xml.hints,HintHandler.ParentType,0,34,0,0,0,4,0,1,0,1
Dependency-Check Command Line/dependency-check-core,org.owasp.dependencycheck.xml.hints,HintParser,59,85,2,0,18,20,2,5,1,5
Dependency-Check Command Line/dependency-check-core,org.owasp.dependencycheck.xml.hints,HintErrorHandler,17,7,0,0,4,2,3,2,3,2
Dependency-Check Command Line/dependency-check-core,org.owasp.dependencycheck.xml.hints,HintRule,26,177,0,0,4,37,2,19,2,19
Dependency-Check Command Line/dependency-check-core,org.owasp.dependencycheck.xml.hints,HintHandler,24,251,14,30,8,65,14,20,0,5
Dependency-Check Command Line/dependency-check-core,org.owasp.dependencycheck.xml.hints,HintParseException,16,0,0,0,8,0,4,0,4,0
Dependency-Check Command Line/dependency-check-core,org.owasp.dependencycheck.xml.hints,VendorDuplicatingHintRule,8,15,0,0,4,6,2,3,2,3
Dependency-Check Command Line/dependency-check-core,org.owasp.dependencycheck.xml.hints,EvidenceMatcher,47,84,2,16,6,17,8,12,6,5
Dependency-Check Command Line/dependency-check-core,org.owasp.dependencycheck.agent,DependencyCheckScanAgent,391,409,27,13,129,101,80,19,61,18
Dependency-Check Command Line/dependency-check-core,org.owasp.dependencycheck.data.golang,GoModJsonParser,28,80,2,4,8,21,2,5,0,4
Dependency-Check Command Line/dependency-check-core,org.owasp.dependencycheck.data.golang,GoModDependency,56,227,6,6,9,46,6,5,1,4
Dependency-Check Command Line/dependency-check-core,org.owasp.dependencycheck.data.artifactory,ArtifactorySearch,463,0,28,0,88,0,22,0,8,0
Dependency-Check Command Line/dependency-check-core,org.owasp.dependencycheck.data.nuget,NugetPackage,63,31,6,0,18,13,5,9,2,9
Dependency-Check Command Line/dependency-check-core,org.owasp.dependencycheck.data.nuget,XPathNuspecParser,12,97,4,6,3,19,4,4,0,3
Dependency-Check Command Line/dependency-check-core,org.owasp.dependencycheck.data.nuget,XPathMSBuildProjectParser,12,70,3,5,3,18,3,3,0,2
Dependency-Check Command Line/dependency-check-core,org.owasp.dependencycheck.data.nuget,NugetconfParseException,12,0,0,0,6,0,3,0,3,0
Dependency-Check Command Line/dependency-check-core,org.owasp.dependencycheck.data.nuget,MSBuildProjectParseException,12,0,0,0,6,0,3,0,3,0
Dependency-Check Command Line/dependency-check-core,org.owasp.dependencycheck.data.nuget,XPathNugetconfParser,12,70,3,5,3,18,3,3,0,2
Dependency-Check Command Line/dependency-check-core,org.owasp.dependencycheck.data.nuget,NugetPackageReference,43,17,6,0,13,7,5,5,2,5
Dependency-Check Command Line/dependency-check-core,org.owasp.dependencycheck.data.nuget,NuspecParseException,12,0,0,0,6,0,3,0,3,0
Dependency-Check Command Line/dependency-check-core,org.owasp.dependencycheck.data.update.cpe,CpePlus,8,15,0,0,4,6,2,3,2,3
Dependency-Check Command Line/dependency-check-core,org.owasp.dependencycheck.utils,Filter.FilterIterator,8,52,2,8,2,17,3,7,1,4
Dependency-Check Command Line/dependency-check-core,org.owasp.dependencycheck.utils,ExtractionUtil,665,157,62,16,135,41,40,9,4,6
Dependency-Check Command Line/dependency-check-core,org.owasp.dependencycheck.utils,UrlStringUtils,11,178,3,15,1,27,2,11,0,4
Dependency-Check Command Line/dependency-check-core,org.owasp.dependencycheck.utils,H2DBShutdownHookFactory,9,21,0,0,3,4,0,2,0,2
Dependency-Check Command Line/dependency-check-core,org.owasp.dependencycheck.utils,DependencyVersion,25,327,10,56,8,81,12,32,2,9
Dependency-Check Command Line/dependency-check-core,org.owasp.dependencycheck.utils,Filter,0,16,0,0,0,3,0,3,0,3
Dependency-Check Command Line/dependency-check-core,org.owasp.dependencycheck.utils,H2DBLock,200,279,35,23,46,66,31,8,2,8
Dependency-Check Command Line/dependency-check-core,org.owasp.dependencycheck.utils,Pair,47,34,6,0,15,12,7,4,4,4
Dependency-Check Command Line/dependency-check-core,org.owasp.dependencycheck.utils,DependencyVersionUtil,2,117,3,23,1,33,3,14,0,4
Dependency-Check Command Line/dependency-check-core,org.owasp.dependencycheck.utils,Filter.new Iterable() {...},0,16,0,0,0,2,0,2,0,2
Dependency-Check Command Line/dependency-check-core,org.owasp.dependencycheck.utils,FileFilterBuilder,9,132,3,13,1,24,2,13,0,7
Dependency-Check Command Line/dependency-check-core,org.owasp.dependencycheck.utils,H2DBShutdownHook,0,3,0,0,0,1,0,1,0,1
Dependency-Check Command Line/dependency-check-core,org.owasp.dependencycheck.utils,DateUtil,35,43,0,4,7,10,1,5,1,3
Dependency-Check Command Line/dependency-check-core,org.owasp.dependencycheck.utils,H2DBCleanupHook,15,20,2,0,6,8,2,4,1,4
Dependency-Check Command Line/dependency-check-core,org.owasp.dependencycheck.utils,DBUtils,23,38,3,7,7,15,3,6,0,4
Dependency-Check Command Line/dependency-check-core,org.owasp.dependencycheck.data.update.nvd,DownloadTask,60,121,6,4,17,26,6,7,1,7
Dependency-Check Command Line/dependency-check-core,org.owasp.dependencycheck.data.update.nvd,NvdCveParser,43,120,1,7,7,26,1,8,0,5
Dependency-Check Command Line/dependency-check-core,org.owasp.dependencycheck.data.update.nvd,NvdCveInfo,0,34,0,0,0,14,0,9,0,9
Dependency-Check Command Line/dependency-check-core,org.owasp.dependencycheck.data.update.nvd,ProcessTask,14,84,0,0,6,24,1,6,1,6
Dependency-Check Command Line/dependency-check-core,org.owasp.dependencycheck.data.update.nvd,UpdateableNvdCve,32,76,1,3,8,19,6,8,5,7
Dependency-Check Command Line/dependency-check-core,org.owasp.dependencycheck.data.cpe,IndexEntry,94,54,11,3,18,19,11,9,4,9
Dependency-Check Command Line/dependency-check-core,org.owasp.dependencycheck.data.cpe,IndexException,16,0,0,0,8,0,4,0,4,0
Dependency-Check Command Line/dependency-check-core,org.owasp.dependencycheck.data.cpe,CpeMemoryIndex,79,283,13,11,21,72,15,12,4,11
Dependency-Check Command Line/dependency-check-core,org.owasp.dependencycheck.xml.suppression,SuppressionParser,47,96,2,0,14,18,1,4,0,4
Dependency-Check Command Line/dependency-check-core,org.owasp.dependencycheck.xml.suppression,SuppressionParseException,16,0,0,0,8,0,4,0,4,0
Dependency-Check Command Line/dependency-check-core,org.owasp.dependencycheck.xml.suppression,SuppressionRule,506,384,75,69,124,99,76,47,29,22
Dependency-Check Command Line/dependency-check-core,org.owasp.dependencycheck.xml.suppression,SuppressionErrorHandler,17,7,0,0,4,2,3,2,3,2
Dependency-Check Command Line/dependency-check-core,org.owasp.dependencycheck.xml.suppression,SuppressionHandler,66,166,14,18,15,45,13,15,0,7
Dependency-Check Command Line/dependency-check-core,org.owasp.dependencycheck.xml.suppression,PropertyType,83,58,8,6,18,20,8,10,3,8
Dependency-Check Command Line/dependency-check-core,org.owasp.dependencycheck.data.nexus,NexusSearch,304,0,27,0,75,0,19,0,5,0
Dependency-Check Command Line/dependency-check-core,org.owasp.dependencycheck.data.nexus,MavenArtifact,203,0,4,0,46,0,19,0,17,0
Dependency-Check Command Line/dependency-check-utils,org.owasp.dependencycheck.utils.search,FileContentSearch,72,0,6,0,10,0,6,0,3,0
Dependency-Check Command Line/dependency-check-utils,org.owasp.dependencycheck.utils,FileUtils,82,81,11,11,18,23,10,9,1,7
Dependency-Check Command Line/dependency-check-utils,org.owasp.dependencycheck.utils,HttpResourceConnection,552,114,45,13,113,32,35,6,7,5
Dependency-Check Command Line/dependency-check-utils,org.owasp.dependencycheck.utils,Settings,517,305,61,29,109,79,58,26,18,21
Dependency-Check Command Line/dependency-check-utils,org.owasp.dependencycheck.utils,ExpectedObjectInputStream,32,0,2,0,7,0,3,0,2,0
Dependency-Check Command Line/dependency-check-utils,org.owasp.dependencycheck.utils,SSLSocketFactoryEx,175,117,6,6,40,31,15,7,11,5
Dependency-Check Command Line/dependency-check-utils,org.owasp.dependencycheck.utils,InvalidSettingException,16,0,0,0,8,0,4,0,4,0
Dependency-Check Command Line/dependency-check-utils,org.owasp.dependencycheck.utils,URLConnectionFactory.new Authenticator() {...},52,0,6,0,7,0,5,0,2,0
Dependency-Check Command Line/dependency-check-utils,org.owasp.dependencycheck.utils,URLConnectionFailureException,16,0,0,0,8,0,4,0,4,0
Dependency-Check Command Line/dependency-check-utils,org.owasp.dependencycheck.utils,URLConnectionFactory,207,67,41,3,47,22,23,5,1,5
Dependency-Check Command Line/dependency-check-utils,org.owasp.dependencycheck.utils,ResourceNotFoundException,16,0,0,0,8,0,4,0,4,0
Dependency-Check Command Line/dependency-check-utils,org.owasp.dependencycheck.utils,Downloader,39,71,0,0,6,17,0,5,0,5
Dependency-Check Command Line/dependency-check-utils,org.owasp.dependencycheck.utils,ExtractionException,16,0,0,0,8,0,4,0,4,0
Dependency-Check Command Line/dependency-check-utils,org.owasp.dependencycheck.utils,TooManyRequestsException,16,0,0,0,8,0,4,0,4,0
Dependency-Check Command Line/dependency-check-utils,org.owasp.dependencycheck.utils,DownloadFailedException,16,0,0,0,8,0,4,0,4,0
Dependency-Check Command Line/dependency-check-utils,org.owasp.dependencycheck.utils,XmlUtils,72,95,9,2,12,29,6,5,1,4
Dependency-Check Command Line/dependency-check-utils,org.owasp.dependencycheck.utils,Checksum,28,168,2,6,7,39,2,14,0,12
